<?xml version="1.0" encoding="UTF-8"?>
<testng-results ignored="0" total="1" passed="1" failed="0" skipped="0">
  <reporter-output>
  </reporter-output>
  <suite started-at="2024-11-08T02:09:19 IST" name="Default suite" finished-at="2024-11-08T02:09:26 IST" duration-ms="7040">
    <groups>
    </groups>
    <test started-at="2024-11-08T02:09:19 IST" name="Default test" finished-at="2024-11-08T02:09:26 IST" duration-ms="7040">
      <class name="Testcases.Test2">
        <test-method signature="Open()[pri:0, instance:Testcases.Test2@2d3379b4]" started-at="2024-11-08T02:09:19 IST" name="Open" finished-at="2024-11-08T02:09:26 IST" duration-ms="6991" status="PASS">
          <reporter-output>
          </reporter-output>
        </test-method> <!-- Open -->
      </class> <!-- Testcases.Test2 -->
    </test> <!-- Default test -->
  </suite> <!-- Default suite -->
</testng-results>
